{
  "RSpec": {
    "coverage": {
      "/Users/peterbarcsak/Projects/Bookmark_Manager/spec/feature/creating_links_spec.rb": [
        1,
        1,
        1,
        1,
        null,
        1,
        1,
        1,
        1,
        1,
        null,
        1,
        1,
        null,
        null,
        null
      ],
      "/Users/peterbarcsak/Projects/Bookmark_Manager/spec/feature/feature_spec.rb": [
        1,
        1,
        1,
        1,
        null,
        1,
        1,
        1,
        1,
        null,
        1,
        1,
        null,
        null,
        null
      ],
      "/Users/peterbarcsak/Projects/Bookmark_Manager/spec/feature/tag_spec.rb": [
        1,
        null,
        1,
        1,
        3,
        3,
        3,
        3,
        3,
        3,
        null,
        1,
        1,
        1,
        null,
        1,
        1,
        null,
        1,
        1,
        1,
        null,
        null
      ]
    },
    "timestamp": 1493915307
  }
}
